0 info it worked if it ends with ok
1 verbose cli [ 'D:\\Programs\\node_js\\node.exe',
1 verbose cli   'D:\\Programs\\node_js\\node_modules\\npm\\bin\\npm-cli.js',
1 verbose cli   'start' ]
2 info using npm@3.10.10
3 info using node@v6.11.5
4 verbose run-script [ 'prestart', 'start', 'poststart' ]
5 info lifecycle wt-projekt@0.0.0~prestart: wt-projekt@0.0.0
6 silly lifecycle wt-projekt@0.0.0~prestart: no script for prestart, continuing
7 info lifecycle wt-projekt@0.0.0~start: wt-projekt@0.0.0
8 verbose lifecycle wt-projekt@0.0.0~start: unsafe-perm in lifecycle true
9 verbose lifecycle wt-projekt@0.0.0~start: PATH: D:\Programs\node_js\node_modules\npm\bin\node-gyp-bin;C:\Users\LenovoG50-45\Desktop\Uebungen\WT-Projekt\node_modules\.bin;C:\Users\LenovoG50-45\bin;C:\Program Files (x86)\Git\mingw32\bin;C:\Program Files (x86)\Git\usr\local\bin;C:\Program Files (x86)\Git\usr\bin;C:\Program Files (x86)\Git\usr\bin;C:\Program Files (x86)\Git\mingw32\bin;C:\Program Files (x86)\Git\usr\bin;C:\Users\LenovoG50-45\bin;C:\ProgramData\Oracle\Java\javapath;C:\WINDOWS\system32;C:\WINDOWS;C:\WINDOWS\System32\Wbem;C:\WINDOWS\System32\WindowsPowerShell\v1.0;C:\Program Files (x86)\AMD\ATI.ACE\Core-Static;C:\Program Files\Microsoft SQL Server\130\Tools\Binn;C:\Program Files (x86)\Git\cmd;C:\Program Files\PuTTY;C:\Program Files\dotnet;%JAVA_HOME%\bin;C:\Program Files (x86)\Microsoft SQL Server\Client SDK\ODBC\130\Tools\Binn;C:\Program Files (x86)\Microsoft SQL Server\140\Tools\Binn;C:\Program Files (x86)\Microsoft SQL Server\140\DTS\Binn;C:\Program Files (x86)\Microsoft SQL Server\140\Tools\Binn\ManagementStudio;C:\Users\LenovoG50-45\scoop\apps\gradle\4.2\bin;%JAVA_HOME%\bin;D:\Programs\node_js;D:\Programs\Mongo\bin;C:\Users\LenovoG50-45\Anaconda2;C:\Program Files\sqlite-tools-win32-x86-3210000;C:\Tools\NTP\bin;C:\Program Files\wstorm;C:\Users\LenovoG50-45\Anaconda2\Lib\site-packages;D:\Programs\PostgreSQL\10\bin;C:\Program Files\intellij;C:\Program Files\MySQL\MySQL Utilities 1.6;C:\Users\LenovoG50-45\AppData\Local\Programs\Python\Python36\Scripts;C:\Users\LenovoG50-45\AppData\Local\Programs\Python\Python36;D:\Programs\Ruby24-x64\bin;C:\Users\LenovoG50-45\scoop\shims;C:\Users\LenovoG50-45\AppData\Local\Microsoft\WindowsApps;C:\Users\LenovoG50-45\AppData\Local\atom\bin;D:\Programs\Microsoft VS Code\bin;C:\Users\LenovoG50-45\AppData\Roaming\npm;C:\Program Files (x86)\Git\usr\bin\vendor_perl;C:\Program Files (x86)\Git\usr\bin\core_perl
10 verbose lifecycle wt-projekt@0.0.0~start: CWD: C:\Users\LenovoG50-45\Desktop\Uebungen\WT-Projekt
11 silly lifecycle wt-projekt@0.0.0~start: Args: [ '/d /s /c', 'node ./bin/www' ]
12 silly lifecycle wt-projekt@0.0.0~start: Returned: code: 1  signal: null
13 info lifecycle wt-projekt@0.0.0~start: Failed to exec start script
14 verbose stack Error: wt-projekt@0.0.0 start: `node ./bin/www`
14 verbose stack Exit status 1
14 verbose stack     at EventEmitter.<anonymous> (D:\Programs\node_js\node_modules\npm\lib\utils\lifecycle.js:255:16)
14 verbose stack     at emitTwo (events.js:106:13)
14 verbose stack     at EventEmitter.emit (events.js:191:7)
14 verbose stack     at ChildProcess.<anonymous> (D:\Programs\node_js\node_modules\npm\lib\utils\spawn.js:40:14)
14 verbose stack     at emitTwo (events.js:106:13)
14 verbose stack     at ChildProcess.emit (events.js:191:7)
14 verbose stack     at maybeClose (internal/child_process.js:920:16)
14 verbose stack     at Process.ChildProcess._handle.onexit (internal/child_process.js:230:5)
15 verbose pkgid wt-projekt@0.0.0
16 verbose cwd C:\Users\LenovoG50-45\Desktop\Uebungen\WT-Projekt
17 error Windows_NT 10.0.15063
18 error argv "D:\\Programs\\node_js\\node.exe" "D:\\Programs\\node_js\\node_modules\\npm\\bin\\npm-cli.js" "start"
19 error node v6.11.5
20 error npm  v3.10.10
21 error code ELIFECYCLE
22 error wt-projekt@0.0.0 start: `node ./bin/www`
22 error Exit status 1
23 error Failed at the wt-projekt@0.0.0 start script 'node ./bin/www'.
23 error Make sure you have the latest version of node.js and npm installed.
23 error If you do, this is most likely a problem with the wt-projekt package,
23 error not with npm itself.
23 error Tell the author that this fails on your system:
23 error     node ./bin/www
23 error You can get information on how to open an issue for this project with:
23 error     npm bugs wt-projekt
23 error Or if that isn't available, you can get their info via:
23 error     npm owner ls wt-projekt
23 error There is likely additional logging output above.
24 verbose exit [ 1, true ]
